{"/home/samandar/Desktop/backlearn/make-category-products/src/config/config.ts": {"path":"/home/samandar/Desktop/backlearn/make-category-products/src/config/config.ts","statementMap":{"0":{"start":{"line":1,"column":0},"end":{"line":1,"column":27}},"1":{"start":{"line":2,"column":0},"end":{"line":2,"column":23}},"2":{"start":{"line":4,"column":0},"end":{"line":4,"column":null}},"3":{"start":{"line":19,"column":21},"end":{"line":29,"column":null}},"4":{"start":{"line":32,"column":4},"end":{"line":34,"column":null}},"5":{"start":{"line":33,"column":8},"end":{"line":33,"column":null}},"6":{"start":{"line":36,"column":4},"end":{"line":36,"column":null}},"7":{"start":{"line":39,"column":0},"end":{"line":39,"column":null}}},"fnMap":{"0":{"name":"getConf","decl":{"start":{"line":31,"column":9},"end":{"line":31,"column":16}},"loc":{"start":{"line":31,"column":47},"end":{"line":37,"column":1}}}},"branchMap":{"0":{"loc":{"start":{"line":31,"column":45},"end":{"line":31,"column":47}},"type":"default-arg","locations":[{"start":{"line":31,"column":45},"end":{"line":31,"column":47}}]},"1":{"loc":{"start":{"line":32,"column":4},"end":{"line":34,"column":null}},"type":"if","locations":[{"start":{"line":32,"column":4},"end":{"line":34,"column":null}},{"start":{"line":32,"column":4},"end":{"line":34,"column":null}}]},"2":{"loc":{"start":{"line":33,"column":15},"end":{"line":33,"column":32}},"type":"binary-expr","locations":[{"start":{"line":33,"column":15},"end":{"line":33,"column":32}},{"start":{"line":33,"column":36},"end":{"line":33,"column":38}}]}},"s":{"0":4,"1":4,"2":4,"3":4,"4":32,"5":16,"6":16,"7":4},"f":{"0":32},"b":{"0":[0],"1":[16,16],"2":[16,0]}}
,"/home/samandar/Desktop/backlearn/make-category-products/src/config/logger.ts": {"path":"/home/samandar/Desktop/backlearn/make-category-products/src/config/logger.ts","statementMap":{"0":{"start":{"line":1,"column":0},"end":{"line":1,"column":29}},"1":{"start":{"line":2,"column":0},"end":{"line":2,"column":44}},"2":{"start":{"line":3,"column":0},"end":{"line":3,"column":29}},"3":{"start":{"line":5,"column":15},"end":{"line":12,"column":null}},"4":{"start":{"line":14,"column":16},"end":{"line":26,"column":null}},"5":{"start":{"line":28,"column":25},"end":{"line":30,"column":2}},"6":{"start":{"line":29,"column":4},"end":{"line":29,"column":null}},"7":{"start":{"line":32,"column":13},"end":{"line":38,"column":null}},"8":{"start":{"line":40,"column":29},"end":{"line":52,"column":null}},"9":{"start":{"line":41,"column":4},"end":{"line":52,"column":null}},"10":{"start":{"line":40,"column":13},"end":{"line":40,"column":29}},"11":{"start":{"line":55,"column":0},"end":{"line":62,"column":null}},"12":{"start":{"line":56,"column":4},"end":{"line":61,"column":null}}},"fnMap":{"0":{"name":"(anonymous_1)","decl":{"start":{"line":28,"column":47},"end":{"line":28,"column":48}},"loc":{"start":{"line":28,"column":56},"end":{"line":30,"column":1}}},"1":{"name":"(anonymous_2)","decl":{"start":{"line":40,"column":29},"end":{"line":40,"column":32}},"loc":{"start":{"line":41,"column":4},"end":{"line":52,"column":null}}}},"branchMap":{"0":{"loc":{"start":{"line":55,"column":0},"end":{"line":62,"column":null}},"type":"if","locations":[{"start":{"line":55,"column":0},"end":{"line":62,"column":null}},{"start":{"line":55,"column":0},"end":{"line":62,"column":null}}]}},"s":{"0":4,"1":4,"2":4,"3":4,"4":4,"5":4,"6":44,"7":4,"8":4,"9":0,"10":4,"11":4,"12":4},"f":{"0":44,"1":0},"b":{"0":[4,0]}}
,"/home/samandar/Desktop/backlearn/make-category-products/src/models/CategoryModel.ts": {"path":"/home/samandar/Desktop/backlearn/make-category-products/src/models/CategoryModel.ts","statementMap":{"0":{"start":{"line":1,"column":0},"end":{"line":1,"column":53}},"1":{"start":{"line":2,"column":0},"end":{"line":2,"column":33}},"2":{"start":{"line":9,"column":23},"end":{"line":19,"column":2}},"3":{"start":{"line":21,"column":0},"end":{"line":21,"column":null}}},"fnMap":{},"branchMap":{},"s":{"0":1,"1":1,"2":1,"3":1},"f":{},"b":{}}
,"/home/samandar/Desktop/backlearn/make-category-products/src/models/ProductsModel.ts": {"path":"/home/samandar/Desktop/backlearn/make-category-products/src/models/ProductsModel.ts","statementMap":{"0":{"start":{"line":1,"column":0},"end":{"line":1,"column":53}},"1":{"start":{"line":2,"column":0},"end":{"line":2,"column":33}},"2":{"start":{"line":14,"column":21},"end":{"line":44,"column":2}},"3":{"start":{"line":46,"column":0},"end":{"line":46,"column":null}}},"fnMap":{},"branchMap":{},"s":{"0":1,"1":1,"2":1,"3":1},"f":{},"b":{}}
,"/home/samandar/Desktop/backlearn/make-category-products/src/models/PropertiesModel.ts": {"path":"/home/samandar/Desktop/backlearn/make-category-products/src/models/PropertiesModel.ts","statementMap":{"0":{"start":{"line":1,"column":0},"end":{"line":1,"column":53}},"1":{"start":{"line":2,"column":0},"end":{"line":2,"column":33}},"2":{"start":{"line":12,"column":23},"end":{"line":35,"column":2}},"3":{"start":{"line":37,"column":0},"end":{"line":37,"column":null}}},"fnMap":{},"branchMap":{},"s":{"0":1,"1":1,"2":1,"3":1},"f":{},"b":{}}
,"/home/samandar/Desktop/backlearn/make-category-products/src/models/UserModel.ts": {"path":"/home/samandar/Desktop/backlearn/make-category-products/src/models/UserModel.ts","statementMap":{"0":{"start":{"line":1,"column":0},"end":{"line":1,"column":53}},"1":{"start":{"line":2,"column":0},"end":{"line":2,"column":33}},"2":{"start":{"line":12,"column":18},"end":{"line":34,"column":2}},"3":{"start":{"line":36,"column":0},"end":{"line":36,"column":null}}},"fnMap":{},"branchMap":{},"s":{"0":1,"1":1,"2":1,"3":1},"f":{},"b":{}}
,"/home/samandar/Desktop/backlearn/make-category-products/src/storage/mongo/category.ts": {"path":"/home/samandar/Desktop/backlearn/make-category-products/src/storage/mongo/category.ts","statementMap":{"0":{"start":{"line":2,"column":0},"end":{"line":2,"column":64}},"1":{"start":{"line":3,"column":0},"end":{"line":3,"column":44}},"2":{"start":{"line":4,"column":0},"end":{"line":4,"column":43}},"3":{"start":{"line":7,"column":12},"end":{"line":7,"column":null}},"4":{"start":{"line":10,"column":8},"end":{"line":17,"column":null}},"5":{"start":{"line":11,"column":29},"end":{"line":11,"column":62}},"6":{"start":{"line":13,"column":12},"end":{"line":13,"column":null}},"7":{"start":{"line":15,"column":12},"end":{"line":15,"column":null}},"8":{"start":{"line":16,"column":12},"end":{"line":16,"column":null}},"9":{"start":{"line":22,"column":8},"end":{"line":34,"column":null}},"10":{"start":{"line":23,"column":33},"end":{"line":23,"column":60}},"11":{"start":{"line":25,"column":12},"end":{"line":28,"column":null}},"12":{"start":{"line":26,"column":16},"end":{"line":26,"column":null}},"13":{"start":{"line":27,"column":16},"end":{"line":27,"column":null}},"14":{"start":{"line":30,"column":12},"end":{"line":30,"column":null}},"15":{"start":{"line":32,"column":12},"end":{"line":32,"column":null}},"16":{"start":{"line":33,"column":12},"end":{"line":33,"column":null}},"17":{"start":{"line":40,"column":8},"end":{"line":47,"column":null}},"18":{"start":{"line":41,"column":33},"end":{"line":41,"column":63}},"19":{"start":{"line":43,"column":12},"end":{"line":43,"column":null}},"20":{"start":{"line":45,"column":12},"end":{"line":45,"column":null}},"21":{"start":{"line":46,"column":12},"end":{"line":46,"column":null}},"22":{"start":{"line":51,"column":8},"end":{"line":65,"column":null}},"23":{"start":{"line":52,"column":33},"end":{"line":54,"column":14}},"24":{"start":{"line":56,"column":12},"end":{"line":59,"column":null}},"25":{"start":{"line":57,"column":16},"end":{"line":57,"column":null}},"26":{"start":{"line":58,"column":16},"end":{"line":58,"column":null}},"27":{"start":{"line":61,"column":12},"end":{"line":61,"column":null}},"28":{"start":{"line":63,"column":12},"end":{"line":63,"column":null}},"29":{"start":{"line":64,"column":12},"end":{"line":64,"column":null}},"30":{"start":{"line":69,"column":8},"end":{"line":81,"column":null}},"31":{"start":{"line":70,"column":33},"end":{"line":70,"column":69}},"32":{"start":{"line":72,"column":12},"end":{"line":75,"column":null}},"33":{"start":{"line":73,"column":16},"end":{"line":73,"column":null}},"34":{"start":{"line":74,"column":16},"end":{"line":74,"column":null}},"35":{"start":{"line":77,"column":12},"end":{"line":77,"column":null}},"36":{"start":{"line":79,"column":12},"end":{"line":79,"column":null}},"37":{"start":{"line":80,"column":12},"end":{"line":80,"column":null}},"38":{"start":{"line":6,"column":0},"end":{"line":6,"column":13}}},"fnMap":{"0":{"name":"(anonymous_8)","decl":{"start":{"line":6,"column":0},"end":{"line":6,"column":13}},"loc":{"start":{"line":6,"column":0},"end":{"line":83,"column":1}}},"1":{"name":"(anonymous_9)","decl":{"start":{"line":9,"column":10},"end":{"line":9,"column":17}},"loc":{"start":{"line":9,"column":31},"end":{"line":18,"column":null}}},"2":{"name":"(anonymous_11)","decl":{"start":{"line":21,"column":10},"end":{"line":21,"column":18}},"loc":{"start":{"line":21,"column":29},"end":{"line":35,"column":null}}},"3":{"name":"(anonymous_13)","decl":{"start":{"line":39,"column":10},"end":{"line":39,"column":16}},"loc":{"start":{"line":39,"column":35},"end":{"line":48,"column":null}}},"4":{"name":"(anonymous_15)","decl":{"start":{"line":50,"column":10},"end":{"line":50,"column":16}},"loc":{"start":{"line":50,"column":47},"end":{"line":66,"column":null}}},"5":{"name":"(anonymous_17)","decl":{"start":{"line":68,"column":10},"end":{"line":68,"column":16}},"loc":{"start":{"line":68,"column":27},"end":{"line":82,"column":null}}}},"branchMap":{"0":{"loc":{"start":{"line":25,"column":12},"end":{"line":28,"column":null}},"type":"if","locations":[{"start":{"line":25,"column":12},"end":{"line":28,"column":null}},{"start":{"line":25,"column":12},"end":{"line":28,"column":null}}]},"1":{"loc":{"start":{"line":56,"column":12},"end":{"line":59,"column":null}},"type":"if","locations":[{"start":{"line":56,"column":12},"end":{"line":59,"column":null}},{"start":{"line":56,"column":12},"end":{"line":59,"column":null}}]},"2":{"loc":{"start":{"line":72,"column":12},"end":{"line":75,"column":null}},"type":"if","locations":[{"start":{"line":72,"column":12},"end":{"line":75,"column":null}},{"start":{"line":72,"column":12},"end":{"line":75,"column":null}}]}},"s":{"0":1,"1":1,"2":1,"3":1,"4":2,"5":2,"6":2,"7":0,"8":0,"9":5,"10":5,"11":5,"12":3,"13":3,"14":2,"15":3,"16":3,"17":4,"18":4,"19":3,"20":1,"21":1,"22":3,"23":3,"24":3,"25":1,"26":1,"27":2,"28":1,"29":1,"30":4,"31":4,"32":4,"33":1,"34":1,"35":3,"36":1,"37":1,"38":1},"f":{"0":1,"1":2,"2":5,"3":4,"4":3,"5":4},"b":{"0":[3,2],"1":[1,2],"2":[1,3]}}
,"/home/samandar/Desktop/backlearn/make-category-products/src/storage/mongo/products.ts": {"path":"/home/samandar/Desktop/backlearn/make-category-products/src/storage/mongo/products.ts","statementMap":{"0":{"start":{"line":2,"column":0},"end":{"line":2,"column":64}},"1":{"start":{"line":3,"column":0},"end":{"line":3,"column":44}},"2":{"start":{"line":4,"column":0},"end":{"line":4,"column":43}},"3":{"start":{"line":7,"column":12},"end":{"line":7,"column":null}},"4":{"start":{"line":10,"column":8},"end":{"line":17,"column":null}},"5":{"start":{"line":11,"column":27},"end":{"line":11,"column":60}},"6":{"start":{"line":13,"column":12},"end":{"line":13,"column":null}},"7":{"start":{"line":15,"column":12},"end":{"line":15,"column":null}},"8":{"start":{"line":16,"column":12},"end":{"line":16,"column":null}},"9":{"start":{"line":22,"column":8},"end":{"line":34,"column":null}},"10":{"start":{"line":23,"column":32},"end":{"line":23,"column":59}},"11":{"start":{"line":25,"column":12},"end":{"line":28,"column":null}},"12":{"start":{"line":26,"column":16},"end":{"line":26,"column":null}},"13":{"start":{"line":27,"column":16},"end":{"line":27,"column":null}},"14":{"start":{"line":30,"column":12},"end":{"line":30,"column":null}},"15":{"start":{"line":32,"column":12},"end":{"line":32,"column":null}},"16":{"start":{"line":33,"column":12},"end":{"line":33,"column":null}},"17":{"start":{"line":40,"column":8},"end":{"line":47,"column":null}},"18":{"start":{"line":41,"column":32},"end":{"line":41,"column":62}},"19":{"start":{"line":43,"column":12},"end":{"line":43,"column":null}},"20":{"start":{"line":45,"column":12},"end":{"line":45,"column":null}},"21":{"start":{"line":46,"column":12},"end":{"line":46,"column":null}},"22":{"start":{"line":51,"column":8},"end":{"line":65,"column":null}},"23":{"start":{"line":52,"column":32},"end":{"line":54,"column":14}},"24":{"start":{"line":56,"column":12},"end":{"line":59,"column":null}},"25":{"start":{"line":57,"column":16},"end":{"line":57,"column":null}},"26":{"start":{"line":58,"column":16},"end":{"line":58,"column":null}},"27":{"start":{"line":61,"column":12},"end":{"line":61,"column":null}},"28":{"start":{"line":63,"column":12},"end":{"line":63,"column":null}},"29":{"start":{"line":64,"column":12},"end":{"line":64,"column":null}},"30":{"start":{"line":69,"column":8},"end":{"line":81,"column":null}},"31":{"start":{"line":70,"column":32},"end":{"line":70,"column":68}},"32":{"start":{"line":72,"column":12},"end":{"line":75,"column":null}},"33":{"start":{"line":73,"column":16},"end":{"line":73,"column":null}},"34":{"start":{"line":74,"column":16},"end":{"line":74,"column":null}},"35":{"start":{"line":77,"column":12},"end":{"line":77,"column":null}},"36":{"start":{"line":79,"column":12},"end":{"line":79,"column":null}},"37":{"start":{"line":80,"column":12},"end":{"line":80,"column":null}},"38":{"start":{"line":6,"column":0},"end":{"line":6,"column":13}}},"fnMap":{"0":{"name":"(anonymous_8)","decl":{"start":{"line":6,"column":0},"end":{"line":6,"column":13}},"loc":{"start":{"line":6,"column":0},"end":{"line":83,"column":1}}},"1":{"name":"(anonymous_9)","decl":{"start":{"line":9,"column":10},"end":{"line":9,"column":17}},"loc":{"start":{"line":9,"column":31},"end":{"line":18,"column":null}}},"2":{"name":"(anonymous_11)","decl":{"start":{"line":21,"column":10},"end":{"line":21,"column":18}},"loc":{"start":{"line":21,"column":29},"end":{"line":35,"column":null}}},"3":{"name":"(anonymous_13)","decl":{"start":{"line":39,"column":10},"end":{"line":39,"column":16}},"loc":{"start":{"line":39,"column":35},"end":{"line":48,"column":null}}},"4":{"name":"(anonymous_15)","decl":{"start":{"line":50,"column":10},"end":{"line":50,"column":16}},"loc":{"start":{"line":50,"column":47},"end":{"line":66,"column":null}}},"5":{"name":"(anonymous_17)","decl":{"start":{"line":68,"column":10},"end":{"line":68,"column":16}},"loc":{"start":{"line":68,"column":27},"end":{"line":82,"column":null}}}},"branchMap":{"0":{"loc":{"start":{"line":25,"column":12},"end":{"line":28,"column":null}},"type":"if","locations":[{"start":{"line":25,"column":12},"end":{"line":28,"column":null}},{"start":{"line":25,"column":12},"end":{"line":28,"column":null}}]},"1":{"loc":{"start":{"line":56,"column":12},"end":{"line":59,"column":null}},"type":"if","locations":[{"start":{"line":56,"column":12},"end":{"line":59,"column":null}},{"start":{"line":56,"column":12},"end":{"line":59,"column":null}}]},"2":{"loc":{"start":{"line":72,"column":12},"end":{"line":75,"column":null}},"type":"if","locations":[{"start":{"line":72,"column":12},"end":{"line":75,"column":null}},{"start":{"line":72,"column":12},"end":{"line":75,"column":null}}]}},"s":{"0":1,"1":1,"2":1,"3":1,"4":2,"5":2,"6":2,"7":0,"8":0,"9":5,"10":5,"11":5,"12":3,"13":3,"14":2,"15":3,"16":3,"17":4,"18":4,"19":3,"20":1,"21":1,"22":3,"23":3,"24":3,"25":1,"26":1,"27":2,"28":1,"29":1,"30":4,"31":4,"32":4,"33":1,"34":1,"35":3,"36":1,"37":1,"38":1},"f":{"0":1,"1":2,"2":5,"3":4,"4":3,"5":4},"b":{"0":[3,2],"1":[1,2],"2":[1,3]}}
,"/home/samandar/Desktop/backlearn/make-category-products/src/storage/mongo/properties.ts": {"path":"/home/samandar/Desktop/backlearn/make-category-products/src/storage/mongo/properties.ts","statementMap":{"0":{"start":{"line":2,"column":0},"end":{"line":2,"column":70}},"1":{"start":{"line":3,"column":0},"end":{"line":3,"column":44}},"2":{"start":{"line":4,"column":0},"end":{"line":4,"column":43}},"3":{"start":{"line":7,"column":12},"end":{"line":7,"column":null}},"4":{"start":{"line":10,"column":8},"end":{"line":17,"column":null}},"5":{"start":{"line":11,"column":29},"end":{"line":11,"column":64}},"6":{"start":{"line":13,"column":12},"end":{"line":13,"column":null}},"7":{"start":{"line":15,"column":12},"end":{"line":15,"column":null}},"8":{"start":{"line":16,"column":12},"end":{"line":16,"column":null}},"9":{"start":{"line":22,"column":8},"end":{"line":34,"column":null}},"10":{"start":{"line":23,"column":33},"end":{"line":23,"column":62}},"11":{"start":{"line":25,"column":12},"end":{"line":28,"column":null}},"12":{"start":{"line":26,"column":16},"end":{"line":26,"column":null}},"13":{"start":{"line":27,"column":16},"end":{"line":27,"column":null}},"14":{"start":{"line":30,"column":12},"end":{"line":30,"column":null}},"15":{"start":{"line":32,"column":12},"end":{"line":32,"column":null}},"16":{"start":{"line":33,"column":12},"end":{"line":33,"column":null}},"17":{"start":{"line":40,"column":8},"end":{"line":47,"column":null}},"18":{"start":{"line":41,"column":33},"end":{"line":41,"column":65}},"19":{"start":{"line":43,"column":12},"end":{"line":43,"column":null}},"20":{"start":{"line":45,"column":12},"end":{"line":45,"column":null}},"21":{"start":{"line":46,"column":12},"end":{"line":46,"column":null}},"22":{"start":{"line":51,"column":8},"end":{"line":65,"column":null}},"23":{"start":{"line":52,"column":33},"end":{"line":54,"column":14}},"24":{"start":{"line":56,"column":12},"end":{"line":59,"column":null}},"25":{"start":{"line":57,"column":16},"end":{"line":57,"column":null}},"26":{"start":{"line":58,"column":16},"end":{"line":58,"column":null}},"27":{"start":{"line":61,"column":12},"end":{"line":61,"column":null}},"28":{"start":{"line":63,"column":12},"end":{"line":63,"column":null}},"29":{"start":{"line":64,"column":12},"end":{"line":64,"column":null}},"30":{"start":{"line":69,"column":8},"end":{"line":81,"column":null}},"31":{"start":{"line":70,"column":33},"end":{"line":70,"column":71}},"32":{"start":{"line":72,"column":12},"end":{"line":75,"column":null}},"33":{"start":{"line":73,"column":16},"end":{"line":73,"column":null}},"34":{"start":{"line":74,"column":16},"end":{"line":74,"column":null}},"35":{"start":{"line":77,"column":12},"end":{"line":77,"column":null}},"36":{"start":{"line":79,"column":12},"end":{"line":79,"column":null}},"37":{"start":{"line":80,"column":12},"end":{"line":80,"column":null}},"38":{"start":{"line":6,"column":0},"end":{"line":6,"column":13}}},"fnMap":{"0":{"name":"(anonymous_8)","decl":{"start":{"line":6,"column":0},"end":{"line":6,"column":13}},"loc":{"start":{"line":6,"column":0},"end":{"line":83,"column":1}}},"1":{"name":"(anonymous_9)","decl":{"start":{"line":9,"column":10},"end":{"line":9,"column":17}},"loc":{"start":{"line":9,"column":31},"end":{"line":18,"column":null}}},"2":{"name":"(anonymous_11)","decl":{"start":{"line":21,"column":10},"end":{"line":21,"column":18}},"loc":{"start":{"line":21,"column":29},"end":{"line":35,"column":null}}},"3":{"name":"(anonymous_13)","decl":{"start":{"line":39,"column":10},"end":{"line":39,"column":16}},"loc":{"start":{"line":39,"column":37},"end":{"line":48,"column":null}}},"4":{"name":"(anonymous_15)","decl":{"start":{"line":50,"column":10},"end":{"line":50,"column":16}},"loc":{"start":{"line":50,"column":49},"end":{"line":66,"column":null}}},"5":{"name":"(anonymous_17)","decl":{"start":{"line":68,"column":10},"end":{"line":68,"column":16}},"loc":{"start":{"line":68,"column":27},"end":{"line":82,"column":null}}}},"branchMap":{"0":{"loc":{"start":{"line":25,"column":12},"end":{"line":28,"column":null}},"type":"if","locations":[{"start":{"line":25,"column":12},"end":{"line":28,"column":null}},{"start":{"line":25,"column":12},"end":{"line":28,"column":null}}]},"1":{"loc":{"start":{"line":56,"column":12},"end":{"line":59,"column":null}},"type":"if","locations":[{"start":{"line":56,"column":12},"end":{"line":59,"column":null}},{"start":{"line":56,"column":12},"end":{"line":59,"column":null}}]},"2":{"loc":{"start":{"line":72,"column":12},"end":{"line":75,"column":null}},"type":"if","locations":[{"start":{"line":72,"column":12},"end":{"line":75,"column":null}},{"start":{"line":72,"column":12},"end":{"line":75,"column":null}}]}},"s":{"0":1,"1":1,"2":1,"3":1,"4":2,"5":2,"6":2,"7":0,"8":0,"9":5,"10":5,"11":5,"12":3,"13":3,"14":2,"15":3,"16":3,"17":4,"18":4,"19":3,"20":1,"21":1,"22":3,"23":3,"24":3,"25":1,"26":1,"27":2,"28":1,"29":1,"30":4,"31":4,"32":4,"33":1,"34":1,"35":3,"36":1,"37":1,"38":1},"f":{"0":1,"1":2,"2":5,"3":4,"4":3,"5":4},"b":{"0":[3,2],"1":[1,2],"2":[1,3]}}
,"/home/samandar/Desktop/backlearn/make-category-products/src/storage/mongo/user.ts": {"path":"/home/samandar/Desktop/backlearn/make-category-products/src/storage/mongo/user.ts","statementMap":{"0":{"start":{"line":2,"column":0},"end":{"line":2,"column":52}},"1":{"start":{"line":3,"column":0},"end":{"line":3,"column":44}},"2":{"start":{"line":4,"column":0},"end":{"line":4,"column":43}},"3":{"start":{"line":5,"column":0},"end":{"line":5,"column":57}},"4":{"start":{"line":8,"column":12},"end":{"line":8,"column":null}},"5":{"start":{"line":11,"column":8},"end":{"line":18,"column":null}},"6":{"start":{"line":12,"column":24},"end":{"line":12,"column":53}},"7":{"start":{"line":14,"column":12},"end":{"line":14,"column":null}},"8":{"start":{"line":16,"column":12},"end":{"line":16,"column":null}},"9":{"start":{"line":17,"column":12},"end":{"line":17,"column":null}},"10":{"start":{"line":23,"column":8},"end":{"line":35,"column":null}},"11":{"start":{"line":24,"column":23},"end":{"line":24,"column":46}},"12":{"start":{"line":26,"column":12},"end":{"line":29,"column":null}},"13":{"start":{"line":27,"column":16},"end":{"line":27,"column":null}},"14":{"start":{"line":28,"column":16},"end":{"line":28,"column":null}},"15":{"start":{"line":31,"column":12},"end":{"line":31,"column":null}},"16":{"start":{"line":33,"column":12},"end":{"line":33,"column":null}},"17":{"start":{"line":34,"column":12},"end":{"line":34,"column":null}},"18":{"start":{"line":39,"column":8},"end":{"line":51,"column":null}},"19":{"start":{"line":40,"column":30},"end":{"line":40,"column":59}},"20":{"start":{"line":42,"column":12},"end":{"line":45,"column":null}},"21":{"start":{"line":43,"column":16},"end":{"line":43,"column":null}},"22":{"start":{"line":44,"column":16},"end":{"line":44,"column":null}},"23":{"start":{"line":47,"column":12},"end":{"line":47,"column":null}},"24":{"start":{"line":49,"column":12},"end":{"line":49,"column":null}},"25":{"start":{"line":50,"column":12},"end":{"line":50,"column":null}},"26":{"start":{"line":55,"column":8},"end":{"line":66,"column":null}},"27":{"start":{"line":56,"column":29},"end":{"line":60,"column":14}},"28":{"start":{"line":62,"column":12},"end":{"line":62,"column":null}},"29":{"start":{"line":64,"column":12},"end":{"line":64,"column":null}},"30":{"start":{"line":65,"column":12},"end":{"line":65,"column":null}},"31":{"start":{"line":70,"column":8},"end":{"line":84,"column":null}},"32":{"start":{"line":71,"column":24},"end":{"line":73,"column":14}},"33":{"start":{"line":75,"column":12},"end":{"line":78,"column":null}},"34":{"start":{"line":76,"column":16},"end":{"line":76,"column":null}},"35":{"start":{"line":77,"column":16},"end":{"line":77,"column":null}},"36":{"start":{"line":80,"column":12},"end":{"line":80,"column":null}},"37":{"start":{"line":82,"column":12},"end":{"line":82,"column":null}},"38":{"start":{"line":83,"column":12},"end":{"line":83,"column":null}},"39":{"start":{"line":88,"column":8},"end":{"line":100,"column":null}},"40":{"start":{"line":89,"column":29},"end":{"line":89,"column":61}},"41":{"start":{"line":91,"column":12},"end":{"line":94,"column":null}},"42":{"start":{"line":92,"column":16},"end":{"line":92,"column":null}},"43":{"start":{"line":93,"column":16},"end":{"line":93,"column":null}},"44":{"start":{"line":96,"column":12},"end":{"line":96,"column":null}},"45":{"start":{"line":98,"column":12},"end":{"line":98,"column":null}},"46":{"start":{"line":99,"column":12},"end":{"line":99,"column":null}},"47":{"start":{"line":7,"column":0},"end":{"line":7,"column":13}}},"fnMap":{"0":{"name":"(anonymous_8)","decl":{"start":{"line":7,"column":0},"end":{"line":7,"column":13}},"loc":{"start":{"line":7,"column":0},"end":{"line":102,"column":1}}},"1":{"name":"(anonymous_9)","decl":{"start":{"line":10,"column":10},"end":{"line":10,"column":17}},"loc":{"start":{"line":10,"column":31},"end":{"line":19,"column":null}}},"2":{"name":"(anonymous_11)","decl":{"start":{"line":22,"column":10},"end":{"line":22,"column":18}},"loc":{"start":{"line":22,"column":29},"end":{"line":36,"column":null}}},"3":{"name":"(anonymous_13)","decl":{"start":{"line":38,"column":10},"end":{"line":38,"column":21}},"loc":{"start":{"line":38,"column":35},"end":{"line":52,"column":null}}},"4":{"name":"(anonymous_15)","decl":{"start":{"line":54,"column":10},"end":{"line":54,"column":16}},"loc":{"start":{"line":54,"column":31},"end":{"line":67,"column":null}}},"5":{"name":"(anonymous_17)","decl":{"start":{"line":69,"column":10},"end":{"line":69,"column":16}},"loc":{"start":{"line":69,"column":43},"end":{"line":85,"column":null}}},"6":{"name":"(anonymous_19)","decl":{"start":{"line":87,"column":10},"end":{"line":87,"column":16}},"loc":{"start":{"line":87,"column":27},"end":{"line":101,"column":null}}}},"branchMap":{"0":{"loc":{"start":{"line":26,"column":12},"end":{"line":29,"column":null}},"type":"if","locations":[{"start":{"line":26,"column":12},"end":{"line":29,"column":null}},{"start":{"line":26,"column":12},"end":{"line":29,"column":null}}]},"1":{"loc":{"start":{"line":42,"column":12},"end":{"line":45,"column":null}},"type":"if","locations":[{"start":{"line":42,"column":12},"end":{"line":45,"column":null}},{"start":{"line":42,"column":12},"end":{"line":45,"column":null}}]},"2":{"loc":{"start":{"line":75,"column":12},"end":{"line":78,"column":null}},"type":"if","locations":[{"start":{"line":75,"column":12},"end":{"line":78,"column":null}},{"start":{"line":75,"column":12},"end":{"line":78,"column":null}}]},"3":{"loc":{"start":{"line":91,"column":12},"end":{"line":94,"column":null}},"type":"if","locations":[{"start":{"line":91,"column":12},"end":{"line":94,"column":null}},{"start":{"line":91,"column":12},"end":{"line":94,"column":null}}]}},"s":{"0":1,"1":1,"2":1,"3":1,"4":1,"5":2,"6":2,"7":2,"8":0,"9":0,"10":2,"11":2,"12":2,"13":1,"14":1,"15":1,"16":1,"17":1,"18":3,"19":3,"20":3,"21":2,"22":2,"23":1,"24":2,"25":2,"26":4,"27":4,"28":3,"29":1,"30":1,"31":3,"32":3,"33":3,"34":1,"35":1,"36":2,"37":1,"38":1,"39":4,"40":4,"41":4,"42":1,"43":1,"44":3,"45":1,"46":1,"47":1},"f":{"0":1,"1":2,"2":2,"3":3,"4":4,"5":3,"6":4},"b":{"0":[1,1],"1":[2,1],"2":[1,2],"3":[1,3]}}
,"/home/samandar/Desktop/backlearn/make-category-products/src/utils/appError.ts": {"path":"/home/samandar/Desktop/backlearn/make-category-products/src/utils/appError.ts","statementMap":{"0":{"start":{"line":3,"column":8},"end":{"line":3,"column":null}},"1":{"start":{"line":11,"column":4},"end":{"line":11,"column":null}},"2":{"start":{"line":12,"column":4},"end":{"line":12,"column":null}},"3":{"start":{"line":13,"column":4},"end":{"line":13,"column":null}},"4":{"start":{"line":5,"column":8},"end":{"line":5,"column":null}},"5":{"start":{"line":6,"column":8},"end":{"line":6,"column":null}},"6":{"start":{"line":8,"column":8},"end":{"line":8,"column":null}},"7":{"start":{"line":16,"column":0},"end":{"line":16,"column":null}}},"fnMap":{"0":{"name":"(anonymous_0)","decl":{"start":{"line":2,"column":4},"end":{"line":2,"column":16}},"loc":{"start":{"line":2,"column":51},"end":{"line":9,"column":5}}}},"branchMap":{"0":{"loc":{"start":{"line":6,"column":56},"end":{"line":6,"column":62}},"type":"cond-expr","locations":[{"start":{"line":6,"column":56},"end":{"line":6,"column":62}},{"start":{"line":6,"column":65},"end":{"line":6,"column":72}}]}},"s":{"0":20,"1":20,"2":20,"3":20,"4":20,"5":20,"6":20,"7":4},"f":{"0":20},"b":{"0":[20,0]}}
,"/home/samandar/Desktop/backlearn/make-category-products/src/utils/bcrypt.ts": {"path":"/home/samandar/Desktop/backlearn/make-category-products/src/utils/bcrypt.ts","statementMap":{"0":{"start":{"line":1,"column":0},"end":{"line":1,"column":27}},"1":{"start":{"line":4,"column":4},"end":{"line":4,"column":null}},"2":{"start":{"line":3,"column":0},"end":{"line":3,"column":16}},"3":{"start":{"line":8,"column":4},"end":{"line":8,"column":null}},"4":{"start":{"line":7,"column":0},"end":{"line":7,"column":16}}},"fnMap":{"0":{"name":"generateHashPassword","decl":{"start":{"line":3,"column":16},"end":{"line":3,"column":36}},"loc":{"start":{"line":3,"column":48},"end":{"line":5,"column":1}}},"1":{"name":"comparePassword","decl":{"start":{"line":7,"column":16},"end":{"line":7,"column":31}},"loc":{"start":{"line":7,"column":65},"end":{"line":9,"column":1}}}},"branchMap":{},"s":{"0":1,"1":4,"2":1,"3":0,"4":1},"f":{"0":4,"1":0},"b":{}}
}
