TN:
SF:src/config/config.ts
FN:31,getConf
FNF:1
FNH:1
FNDA:32,getConf
DA:1,4
DA:2,4
DA:4,4
DA:19,4
DA:32,32
DA:33,16
DA:36,16
DA:39,4
LF:8
LH:8
BRDA:31,0,0,0
BRDA:32,1,0,16
BRDA:32,1,1,16
BRDA:33,2,0,16
BRDA:33,2,1,0
BRF:5
BRH:3
end_of_record
TN:
SF:src/config/logger.ts
FN:28,(anonymous_1)
FN:40,(anonymous_2)
FNF:2
FNH:1
FNDA:44,(anonymous_1)
FNDA:0,(anonymous_2)
DA:1,4
DA:2,4
DA:3,4
DA:5,4
DA:14,4
DA:28,4
DA:29,44
DA:32,4
DA:40,4
DA:41,0
DA:55,4
DA:56,4
LF:12
LH:11
BRDA:55,0,0,4
BRDA:55,0,1,0
BRF:2
BRH:1
end_of_record
TN:
SF:src/models/CategoryModel.ts
FNF:0
FNH:0
DA:1,1
DA:2,1
DA:9,1
DA:21,1
LF:4
LH:4
BRF:0
BRH:0
end_of_record
TN:
SF:src/models/ProductsModel.ts
FNF:0
FNH:0
DA:1,1
DA:2,1
DA:14,1
DA:46,1
LF:4
LH:4
BRF:0
BRH:0
end_of_record
TN:
SF:src/models/PropertiesModel.ts
FNF:0
FNH:0
DA:1,1
DA:2,1
DA:12,1
DA:37,1
LF:4
LH:4
BRF:0
BRH:0
end_of_record
TN:
SF:src/models/UserModel.ts
FNF:0
FNH:0
DA:1,1
DA:2,1
DA:12,1
DA:36,1
LF:4
LH:4
BRF:0
BRH:0
end_of_record
TN:
SF:src/storage/mongo/category.ts
FN:6,(anonymous_8)
FN:9,(anonymous_9)
FN:21,(anonymous_11)
FN:39,(anonymous_13)
FN:50,(anonymous_15)
FN:68,(anonymous_17)
FNF:6
FNH:6
FNDA:1,(anonymous_8)
FNDA:2,(anonymous_9)
FNDA:5,(anonymous_11)
FNDA:4,(anonymous_13)
FNDA:3,(anonymous_15)
FNDA:4,(anonymous_17)
DA:2,1
DA:3,1
DA:4,1
DA:6,1
DA:7,1
DA:10,2
DA:11,2
DA:13,2
DA:15,0
DA:16,0
DA:22,5
DA:23,5
DA:25,5
DA:26,3
DA:27,3
DA:30,2
DA:32,3
DA:33,3
DA:40,4
DA:41,4
DA:43,3
DA:45,1
DA:46,1
DA:51,3
DA:52,3
DA:56,3
DA:57,1
DA:58,1
DA:61,2
DA:63,1
DA:64,1
DA:69,4
DA:70,4
DA:72,4
DA:73,1
DA:74,1
DA:77,3
DA:79,1
DA:80,1
LF:39
LH:37
BRDA:25,0,0,3
BRDA:25,0,1,2
BRDA:56,1,0,1
BRDA:56,1,1,2
BRDA:72,2,0,1
BRDA:72,2,1,3
BRF:6
BRH:6
end_of_record
TN:
SF:src/storage/mongo/products.ts
FN:6,(anonymous_8)
FN:9,(anonymous_9)
FN:21,(anonymous_11)
FN:39,(anonymous_13)
FN:50,(anonymous_15)
FN:68,(anonymous_17)
FNF:6
FNH:6
FNDA:1,(anonymous_8)
FNDA:2,(anonymous_9)
FNDA:5,(anonymous_11)
FNDA:4,(anonymous_13)
FNDA:3,(anonymous_15)
FNDA:4,(anonymous_17)
DA:2,1
DA:3,1
DA:4,1
DA:6,1
DA:7,1
DA:10,2
DA:11,2
DA:13,2
DA:15,0
DA:16,0
DA:22,5
DA:23,5
DA:25,5
DA:26,3
DA:27,3
DA:30,2
DA:32,3
DA:33,3
DA:40,4
DA:41,4
DA:43,3
DA:45,1
DA:46,1
DA:51,3
DA:52,3
DA:56,3
DA:57,1
DA:58,1
DA:61,2
DA:63,1
DA:64,1
DA:69,4
DA:70,4
DA:72,4
DA:73,1
DA:74,1
DA:77,3
DA:79,1
DA:80,1
LF:39
LH:37
BRDA:25,0,0,3
BRDA:25,0,1,2
BRDA:56,1,0,1
BRDA:56,1,1,2
BRDA:72,2,0,1
BRDA:72,2,1,3
BRF:6
BRH:6
end_of_record
TN:
SF:src/storage/mongo/properties.ts
FN:6,(anonymous_8)
FN:9,(anonymous_9)
FN:21,(anonymous_11)
FN:39,(anonymous_13)
FN:50,(anonymous_15)
FN:68,(anonymous_17)
FNF:6
FNH:6
FNDA:1,(anonymous_8)
FNDA:2,(anonymous_9)
FNDA:5,(anonymous_11)
FNDA:4,(anonymous_13)
FNDA:3,(anonymous_15)
FNDA:4,(anonymous_17)
DA:2,1
DA:3,1
DA:4,1
DA:6,1
DA:7,1
DA:10,2
DA:11,2
DA:13,2
DA:15,0
DA:16,0
DA:22,5
DA:23,5
DA:25,5
DA:26,3
DA:27,3
DA:30,2
DA:32,3
DA:33,3
DA:40,4
DA:41,4
DA:43,3
DA:45,1
DA:46,1
DA:51,3
DA:52,3
DA:56,3
DA:57,1
DA:58,1
DA:61,2
DA:63,1
DA:64,1
DA:69,4
DA:70,4
DA:72,4
DA:73,1
DA:74,1
DA:77,3
DA:79,1
DA:80,1
LF:39
LH:37
BRDA:25,0,0,3
BRDA:25,0,1,2
BRDA:56,1,0,1
BRDA:56,1,1,2
BRDA:72,2,0,1
BRDA:72,2,1,3
BRF:6
BRH:6
end_of_record
TN:
SF:src/storage/mongo/user.ts
FN:7,(anonymous_8)
FN:10,(anonymous_9)
FN:22,(anonymous_11)
FN:38,(anonymous_13)
FN:54,(anonymous_15)
FN:69,(anonymous_17)
FN:87,(anonymous_19)
FNF:7
FNH:7
FNDA:1,(anonymous_8)
FNDA:2,(anonymous_9)
FNDA:2,(anonymous_11)
FNDA:3,(anonymous_13)
FNDA:4,(anonymous_15)
FNDA:3,(anonymous_17)
FNDA:4,(anonymous_19)
DA:2,1
DA:3,1
DA:4,1
DA:5,1
DA:7,1
DA:8,1
DA:11,2
DA:12,2
DA:14,2
DA:16,0
DA:17,0
DA:23,2
DA:24,2
DA:26,2
DA:27,1
DA:28,1
DA:31,1
DA:33,1
DA:34,1
DA:39,3
DA:40,3
DA:42,3
DA:43,2
DA:44,2
DA:47,1
DA:49,2
DA:50,2
DA:55,4
DA:56,4
DA:62,3
DA:64,1
DA:65,1
DA:70,3
DA:71,3
DA:75,3
DA:76,1
DA:77,1
DA:80,2
DA:82,1
DA:83,1
DA:88,4
DA:89,4
DA:91,4
DA:92,1
DA:93,1
DA:96,3
DA:98,1
DA:99,1
LF:48
LH:46
BRDA:26,0,0,1
BRDA:26,0,1,1
BRDA:42,1,0,2
BRDA:42,1,1,1
BRDA:75,2,0,1
BRDA:75,2,1,2
BRDA:91,3,0,1
BRDA:91,3,1,3
BRF:8
BRH:8
end_of_record
TN:
SF:src/utils/appError.ts
FN:2,(anonymous_0)
FNF:1
FNH:1
FNDA:20,(anonymous_0)
DA:3,20
DA:5,20
DA:6,20
DA:8,20
DA:11,20
DA:12,20
DA:13,20
DA:16,4
LF:8
LH:8
BRDA:6,0,0,20
BRDA:6,0,1,0
BRF:2
BRH:1
end_of_record
TN:
SF:src/utils/bcrypt.ts
FN:3,generateHashPassword
FN:7,comparePassword
FNF:2
FNH:1
FNDA:4,generateHashPassword
FNDA:0,comparePassword
DA:1,1
DA:3,1
DA:4,4
DA:7,1
DA:8,0
LF:5
LH:4
BRF:0
BRH:0
end_of_record
